<?xml version="1.0" encoding="UTF-8"?>
<testng-results ignored="0" total="3" passed="2" failed="1" skipped="0">
  <reporter-output>
  </reporter-output>
  <suite started-at="2020-11-22T21:45:45 PST" name="Suite" finished-at="2020-11-22T21:46:20 PST" duration-ms="35241">
    <groups>
    </groups>
    <test started-at="2020-11-22T21:45:45 PST" name="Test" finished-at="2020-11-22T21:46:20 PST" duration-ms="35241">
      <class name="uiTestCases.ErrorTest_motorcycle">
        <test-method is-config="true" signature="setUp()[pri:0, instance:uiTestCases.ErrorTest_motorcycle@2525ff7e]" started-at="2020-11-22T21:45:45 PST" name="setUp" finished-at="2020-11-22T21:45:57 PST" duration-ms="11070" status="PASS">
          <reporter-output>
          </reporter-output>
        </test-method> <!-- setUp -->
        <test-method signature="errorMessage_CylinderCapacity()[pri:0, instance:uiTestCases.ErrorTest_motorcycle@2525ff7e]" started-at="2020-11-22T21:45:57 PST" name="errorMessage_CylinderCapacity" finished-at="2020-11-22T21:45:58 PST" duration-ms="1397" status="PASS">
          <reporter-output>
          </reporter-output>
        </test-method> <!-- errorMessage_CylinderCapacity -->
        <test-method is-config="true" signature="tearDown()[pri:0, instance:uiTestCases.ErrorTest_motorcycle@2525ff7e]" started-at="2020-11-22T21:45:58 PST" name="tearDown" finished-at="2020-11-22T21:45:59 PST" duration-ms="983" status="PASS">
          <reporter-output>
          </reporter-output>
        </test-method> <!-- tearDown -->
        <test-method is-config="true" signature="setUp()[pri:0, instance:uiTestCases.ErrorTest_motorcycle@2525ff7e]" started-at="2020-11-22T21:45:59 PST" name="setUp" finished-at="2020-11-22T21:46:07 PST" duration-ms="8559" status="PASS">
          <reporter-output>
          </reporter-output>
        </test-method> <!-- setUp -->
        <test-method signature="errorMessage_CylinderCapacity1()[pri:0, instance:uiTestCases.ErrorTest_motorcycle@2525ff7e]" started-at="2020-11-22T21:46:07 PST" name="errorMessage_CylinderCapacity1" finished-at="2020-11-22T21:46:09 PST" duration-ms="1223" status="FAIL">
          <exception class="java.lang.AssertionError">
            <message>
              <![CDATA[Actual Error Message is not as Expected expected [Must be a number between 1 and 2000] but found [Must be a number between 1 and 3000]]]>
            </message>
            <full-stacktrace>
              <![CDATA[java.lang.AssertionError: Actual Error Message is not as Expected expected [Must be a number between 1 and 2000] but found [Must be a number between 1 and 3000]
at org.testng.Assert.fail(Assert.java:97)
at org.testng.Assert.assertEqualsImpl(Assert.java:136)
at org.testng.Assert.assertEquals(Assert.java:118)
at org.testng.Assert.assertEquals(Assert.java:575)
at uiTestCases.ErrorTest_motorcycle.errorMessage_CylinderCapacity1(ErrorTest_motorcycle.java:35)
at java.base/jdk.internal.reflect.NativeMethodAccessorImpl.invoke0(Native Method)
at java.base/jdk.internal.reflect.NativeMethodAccessorImpl.invoke(NativeMethodAccessorImpl.java:62)
at java.base/jdk.internal.reflect.DelegatingMethodAccessorImpl.invoke(DelegatingMethodAccessorImpl.java:43)
at java.base/java.lang.reflect.Method.invoke(Method.java:566)
at org.testng.internal.MethodInvocationHelper.invokeMethod(MethodInvocationHelper.java:135)
at org.testng.internal.TestInvoker.invokeMethod(TestInvoker.java:598)
at org.testng.internal.TestInvoker.invokeTestMethod(TestInvoker.java:174)
at org.testng.internal.MethodRunner.runInSequence(MethodRunner.java:46)
at org.testng.internal.TestInvoker$MethodInvocationAgent.invoke(TestInvoker.java:821)
at org.testng.internal.TestInvoker.invokeTestMethods(TestInvoker.java:147)
at org.testng.internal.TestMethodWorker.invokeTestMethods(TestMethodWorker.java:146)
at org.testng.internal.TestMethodWorker.run(TestMethodWorker.java:128)
at java.base/java.util.ArrayList.forEach(ArrayList.java:1540)
at org.testng.TestRunner.privateRun(TestRunner.java:767)
at org.testng.TestRunner.run(TestRunner.java:588)
at org.testng.SuiteRunner.runTest(SuiteRunner.java:384)
at org.testng.SuiteRunner.runSequentially(SuiteRunner.java:378)
at org.testng.SuiteRunner.privateRun(SuiteRunner.java:337)
at org.testng.SuiteRunner.run(SuiteRunner.java:286)
at org.testng.SuiteRunnerWorker.runSuite(SuiteRunnerWorker.java:53)
at org.testng.SuiteRunnerWorker.run(SuiteRunnerWorker.java:96)
at org.testng.TestNG.runSuitesSequentially(TestNG.java:1214)
at org.testng.TestNG.runSuitesLocally(TestNG.java:1136)
at org.testng.TestNG.runSuites(TestNG.java:1066)
at org.testng.TestNG.run(TestNG.java:1034)
at org.testng.remote.AbstractRemoteTestNG.run(AbstractRemoteTestNG.java:115)
at org.testng.remote.RemoteTestNG.initAndRun(RemoteTestNG.java:251)
at org.testng.remote.RemoteTestNG.main(RemoteTestNG.java:77)
]]>
            </full-stacktrace>
          </exception> <!-- java.lang.AssertionError -->
          <reporter-output>
          </reporter-output>
        </test-method> <!-- errorMessage_CylinderCapacity1 -->
        <test-method is-config="true" signature="tearDown()[pri:0, instance:uiTestCases.ErrorTest_motorcycle@2525ff7e]" started-at="2020-11-22T21:46:09 PST" name="tearDown" finished-at="2020-11-22T21:46:10 PST" duration-ms="721" status="PASS">
          <reporter-output>
          </reporter-output>
        </test-method> <!-- tearDown -->
        <test-method is-config="true" signature="setUp()[pri:0, instance:uiTestCases.ErrorTest_motorcycle@2525ff7e]" started-at="2020-11-22T21:46:10 PST" name="setUp" finished-at="2020-11-22T21:46:19 PST" duration-ms="8646" status="PASS">
          <reporter-output>
          </reporter-output>
        </test-method> <!-- setUp -->
        <test-method signature="verifyModelDropdownOptions()[pri:0, instance:uiTestCases.ErrorTest_motorcycle@2525ff7e]" started-at="2020-11-22T21:46:19 PST" name="verifyModelDropdownOptions" finished-at="2020-11-22T21:46:20 PST" duration-ms="1230" status="PASS">
          <reporter-output>
          </reporter-output>
        </test-method> <!-- verifyModelDropdownOptions -->
        <test-method is-config="true" signature="tearDown()[pri:0, instance:uiTestCases.ErrorTest_motorcycle@2525ff7e]" started-at="2020-11-22T21:46:20 PST" name="tearDown" finished-at="2020-11-22T21:46:20 PST" duration-ms="672" status="PASS">
          <reporter-output>
          </reporter-output>
        </test-method> <!-- tearDown -->
      </class> <!-- uiTestCases.ErrorTest_motorcycle -->
    </test> <!-- Test -->
  </suite> <!-- Suite -->
</testng-results>
